This file contains any messages produced by compilers while
running configure, to aid debugging if configure makes a mistake.

It was created by ptk configure 0.0.4, which was
generated by GNU Autoconf 2.69.  Invocation command line was

  $ ./configure 

## --------- ##
## Platform. ##
## --------- ##

hostname = happig
uname -m = x86_64
uname -r = 5.3.0-23-generic
uname -s = Linux
uname -v = #25~18.04.1-Ubuntu SMP Tue Nov 12 10:58:57 UTC 2019

/usr/bin/uname -p = unknown
/bin/uname -X     = unknown

/bin/arch              = unknown
/usr/bin/arch -k       = unknown
/usr/convex/getsysinfo = unknown
/usr/bin/hostinfo      = unknown
/bin/machine           = unknown
/usr/bin/oslevel       = unknown
/bin/universe          = unknown

PATH: /home/pixel/bin
PATH: /home/pixel/.local/bin
PATH: /usr/local/sbin
PATH: /usr/local/bin
PATH: /usr/sbin
PATH: /usr/bin
PATH: /sbin
PATH: /bin
PATH: /usr/games
PATH: /usr/local/games


## ----------- ##
## Core tests. ##
## ----------- ##

configure:2469: checking for a BSD-compatible install
configure:2537: result: /usr/bin/install -c
configure:2548: checking whether build environment is sane
configure:2603: result: yes
configure:2754: checking for a thread-safe mkdir -p
configure:2793: result: /bin/mkdir -p
configure:2800: checking for gawk
configure:2816: found /usr/bin/gawk
configure:2827: result: gawk
configure:2838: checking whether make sets $(MAKE)
configure:2860: result: yes
configure:2889: checking whether make supports nested variables
configure:2906: result: yes
configure:3061: checking build system type
configure:3075: result: x86_64-pc-linux-gnu
configure:3095: checking host system type
configure:3108: result: x86_64-pc-linux-gnu
configure:3149: checking how to print strings
configure:3176: result: printf
configure:3209: checking for style of include used by make
configure:3237: result: GNU
configure:3308: checking for gcc
configure:3324: found /usr/bin/gcc
configure:3335: result: gcc
configure:3564: checking for C compiler version
configure:3573: gcc --version >&5
gcc (Ubuntu 7.4.0-1ubuntu1~18.04.1) 7.4.0
Copyright (C) 2017 Free Software Foundation, Inc.
This is free software; see the source for copying conditions.  There is NO
warranty; not even for MERCHANTABILITY or FITNESS FOR A PARTICULAR PURPOSE.

configure:3584: $? = 0
configure:3573: gcc -v >&5
Using built-in specs.
COLLECT_GCC=gcc
COLLECT_LTO_WRAPPER=/usr/lib/gcc/x86_64-linux-gnu/7/lto-wrapper
OFFLOAD_TARGET_NAMES=nvptx-none
OFFLOAD_TARGET_DEFAULT=1
Target: x86_64-linux-gnu
Configured with: ../src/configure -v --with-pkgversion='Ubuntu 7.4.0-1ubuntu1~18.04.1' --with-bugurl=file:///usr/share/doc/gcc-7/README.Bugs --enable-languages=c,ada,c++,go,brig,d,fortran,objc,obj-c++ --prefix=/usr --with-gcc-major-version-only --program-suffix=-7 --program-prefix=x86_64-linux-gnu- --enable-shared --enable-linker-build-id --libexecdir=/usr/lib --without-included-gettext --enable-threads=posix --libdir=/usr/lib --enable-nls --with-sysroot=/ --enable-clocale=gnu --enable-libstdcxx-debug --enable-libstdcxx-time=yes --with-default-libstdcxx-abi=new --enable-gnu-unique-object --disable-vtable-verify --enable-libmpx --enable-plugin --enable-default-pie --with-system-zlib --with-target-system-zlib --enable-objc-gc=auto --enable-multiarch --disable-werror --with-arch-32=i686 --with-abi=m64 --with-multilib-list=m32,m64,mx32 --enable-multilib --with-tune=generic --enable-offload-targets=nvptx-none --without-cuda-driver --enable-checking=release --build=x86_64-linux-gnu --host=x86_64-linux-gnu --target=x86_64-linux-gnu
Thread model: posix
gcc version 7.4.0 (Ubuntu 7.4.0-1ubuntu1~18.04.1) 
configure:3584: $? = 0
configure:3573: gcc -V >&5
gcc: error: unrecognized command line option '-V'
gcc: fatal error: no input files
compilation terminated.
configure:3584: $? = 1
configure:3573: gcc -qversion >&5
gcc: error: unrecognized command line option '-qversion'; did you mean '--version'?
gcc: fatal error: no input files
compilation terminated.
configure:3584: $? = 1
configure:3604: checking whether the C compiler works
configure:3626: gcc    conftest.c  >&5
configure:3630: $? = 0
configure:3678: result: yes
configure:3681: checking for C compiler default output file name
configure:3683: result: a.out
configure:3689: checking for suffix of executables
configure:3696: gcc -o conftest    conftest.c  >&5
configure:3700: $? = 0
configure:3722: result: 
configure:3744: checking whether we are cross compiling
configure:3752: gcc -o conftest    conftest.c  >&5
configure:3756: $? = 0
configure:3763: ./conftest
configure:3767: $? = 0
configure:3782: result: no
configure:3787: checking for suffix of object files
configure:3809: gcc -c   conftest.c >&5
configure:3813: $? = 0
configure:3834: result: o
configure:3838: checking whether we are using the GNU C compiler
configure:3857: gcc -c   conftest.c >&5
configure:3857: $? = 0
configure:3866: result: yes
configure:3875: checking whether gcc accepts -g
configure:3895: gcc -c -g  conftest.c >&5
configure:3895: $? = 0
configure:3936: result: yes
configure:3953: checking for gcc option to accept ISO C89
configure:4016: gcc  -c -g -O2  conftest.c >&5
configure:4016: $? = 0
configure:4029: result: none needed
configure:4054: checking whether gcc understands -c and -o together
configure:4076: gcc -c conftest.c -o conftest2.o
configure:4079: $? = 0
configure:4076: gcc -c conftest.c -o conftest2.o
configure:4079: $? = 0
configure:4091: result: yes
configure:4110: checking dependency style of gcc
configure:4221: result: gcc3
configure:4236: checking for a sed that does not truncate output
configure:4300: result: /bin/sed
configure:4318: checking for grep that handles long lines and -e
configure:4376: result: /bin/grep
configure:4381: checking for egrep
configure:4443: result: /bin/grep -E
configure:4448: checking for fgrep
configure:4510: result: /bin/grep -F
configure:4545: checking for ld used by gcc
configure:4612: result: /usr/bin/ld
configure:4619: checking if the linker (/usr/bin/ld) is GNU ld
configure:4634: result: yes
configure:4646: checking for BSD- or MS-compatible name lister (nm)
configure:4700: result: /usr/bin/nm -B
configure:4830: checking the name lister (/usr/bin/nm -B) interface
configure:4837: gcc -c -g -O2  conftest.c >&5
configure:4840: /usr/bin/nm -B "conftest.o"
configure:4843: output
0000000000000000 B some_variable
configure:4850: result: BSD nm
configure:4853: checking whether ln -s works
configure:4857: result: yes
configure:4865: checking the maximum length of command line arguments
configure:4996: result: 1572864
configure:5044: checking how to convert x86_64-pc-linux-gnu file names to x86_64-pc-linux-gnu format
configure:5084: result: func_convert_file_noop
configure:5091: checking how to convert x86_64-pc-linux-gnu file names to toolchain format
configure:5111: result: func_convert_file_noop
configure:5118: checking for /usr/bin/ld option to reload object files
configure:5125: result: -r
configure:5199: checking for objdump
configure:5215: found /usr/bin/objdump
configure:5226: result: objdump
configure:5258: checking how to recognize dependent libraries
configure:5458: result: pass_all
configure:5543: checking for dlltool
configure:5573: result: no
configure:5603: checking how to associate runtime and link libraries
configure:5630: result: printf %s\n
configure:5691: checking for ar
configure:5707: found /usr/bin/ar
configure:5718: result: ar
configure:5755: checking for archiver @FILE support
configure:5772: gcc -c -g -O2  conftest.c >&5
configure:5772: $? = 0
configure:5775: ar cru libconftest.a @conftest.lst >&5
ar: `u' modifier ignored since `D' is the default (see `U')
configure:5778: $? = 0
configure:5783: ar cru libconftest.a @conftest.lst >&5
ar: `u' modifier ignored since `D' is the default (see `U')
ar: conftest.o: No such file or directory
configure:5786: $? = 1
configure:5798: result: @
configure:5856: checking for strip
configure:5872: found /usr/bin/strip
configure:5883: result: strip
configure:5955: checking for ranlib
configure:5971: found /usr/bin/ranlib
configure:5982: result: ranlib
configure:6084: checking command to parse /usr/bin/nm -B output from gcc object
configure:6237: gcc -c -g -O2  conftest.c >&5
configure:6240: $? = 0
configure:6244: /usr/bin/nm -B conftest.o \| sed -n -e 's/^.*[ ]\([ABCDGIRSTW][ABCDGIRSTW]*\)[ ][ ]*\([_A-Za-z][_A-Za-z0-9]*\)$/\1 \2 \2/p' | sed '/ __gnu_lto/d' \> conftest.nm
configure:6247: $? = 0
configure:6313: gcc -o conftest -g -O2   conftest.c conftstm.o >&5
configure:6316: $? = 0
configure:6354: result: ok
configure:6401: checking for sysroot
configure:6431: result: no
configure:6438: checking for a working dd
configure:6476: result: /bin/dd
configure:6480: checking how to truncate binary pipes
configure:6495: result: /bin/dd bs=4096 count=1
configure:6631: gcc -c -g -O2  conftest.c >&5
configure:6634: $? = 0
configure:6824: checking for mt
configure:6840: found /bin/mt
configure:6851: result: mt
configure:6874: checking if mt is a manifest tool
configure:6880: mt '-?'
configure:6888: result: no
configure:7565: checking how to run the C preprocessor
configure:7596: gcc -E  conftest.c
configure:7596: $? = 0
configure:7610: gcc -E  conftest.c
conftest.c:11:10: fatal error: ac_nonexistent.h: No such file or directory
 #include <ac_nonexistent.h>
          ^~~~~~~~~~~~~~~~~~
compilation terminated.
configure:7610: $? = 1
configure: failed program was:
| /* confdefs.h */
| #define PACKAGE_NAME "ptk"
| #define PACKAGE_TARNAME "ptk"
| #define PACKAGE_VERSION "0.0.4"
| #define PACKAGE_STRING "ptk 0.0.4"
| #define PACKAGE_BUGREPORT ""
| #define PACKAGE_URL ""
| #define PACKAGE "ptk"
| #define VERSION "0.0.4"
| /* end confdefs.h.  */
| #include <ac_nonexistent.h>
configure:7635: result: gcc -E
configure:7655: gcc -E  conftest.c
configure:7655: $? = 0
configure:7669: gcc -E  conftest.c
conftest.c:11:10: fatal error: ac_nonexistent.h: No such file or directory
 #include <ac_nonexistent.h>
          ^~~~~~~~~~~~~~~~~~
compilation terminated.
configure:7669: $? = 1
configure: failed program was:
| /* confdefs.h */
| #define PACKAGE_NAME "ptk"
| #define PACKAGE_TARNAME "ptk"
| #define PACKAGE_VERSION "0.0.4"
| #define PACKAGE_STRING "ptk 0.0.4"
| #define PACKAGE_BUGREPORT ""
| #define PACKAGE_URL ""
| #define PACKAGE "ptk"
| #define VERSION "0.0.4"
| /* end confdefs.h.  */
| #include <ac_nonexistent.h>
configure:7698: checking for ANSI C header files
configure:7718: gcc -c -g -O2  conftest.c >&5
configure:7718: $? = 0
configure:7791: gcc -o conftest -g -O2   conftest.c  >&5
configure:7791: $? = 0
configure:7791: ./conftest
configure:7791: $? = 0
configure:7802: result: yes
configure:7815: checking for sys/types.h
configure:7815: gcc -c -g -O2  conftest.c >&5
configure:7815: $? = 0
configure:7815: result: yes
configure:7815: checking for sys/stat.h
configure:7815: gcc -c -g -O2  conftest.c >&5
configure:7815: $? = 0
configure:7815: result: yes
configure:7815: checking for stdlib.h
configure:7815: gcc -c -g -O2  conftest.c >&5
configure:7815: $? = 0
configure:7815: result: yes
configure:7815: checking for string.h
configure:7815: gcc -c -g -O2  conftest.c >&5
configure:7815: $? = 0
configure:7815: result: yes
configure:7815: checking for memory.h
configure:7815: gcc -c -g -O2  conftest.c >&5
configure:7815: $? = 0
configure:7815: result: yes
configure:7815: checking for strings.h
configure:7815: gcc -c -g -O2  conftest.c >&5
configure:7815: $? = 0
configure:7815: result: yes
configure:7815: checking for inttypes.h
configure:7815: gcc -c -g -O2  conftest.c >&5
configure:7815: $? = 0
configure:7815: result: yes
configure:7815: checking for stdint.h
configure:7815: gcc -c -g -O2  conftest.c >&5
configure:7815: $? = 0
configure:7815: result: yes
configure:7815: checking for unistd.h
configure:7815: gcc -c -g -O2  conftest.c >&5
configure:7815: $? = 0
configure:7815: result: yes
configure:7829: checking for dlfcn.h
configure:7829: gcc -c -g -O2  conftest.c >&5
configure:7829: $? = 0
configure:7829: result: yes
configure:8085: checking for objdir
configure:8100: result: .libs
configure:8364: checking if gcc supports -fno-rtti -fno-exceptions
configure:8382: gcc -c -g -O2  -fno-rtti -fno-exceptions conftest.c >&5
cc1: warning: command line option '-fno-rtti' is valid for C++/ObjC++ but not for C
configure:8386: $? = 0
configure:8399: result: no
configure:8757: checking for gcc option to produce PIC
configure:8764: result: -fPIC -DPIC
configure:8772: checking if gcc PIC flag -fPIC -DPIC works
configure:8790: gcc -c -g -O2  -fPIC -DPIC -DPIC conftest.c >&5
configure:8794: $? = 0
configure:8807: result: yes
configure:8836: checking if gcc static flag -static works
configure:8864: result: yes
configure:8879: checking if gcc supports -c -o file.o
configure:8900: gcc -c -g -O2  -o out/conftest2.o conftest.c >&5
configure:8904: $? = 0
configure:8926: result: yes
configure:8934: checking if gcc supports -c -o file.o
configure:8981: result: yes
configure:9014: checking whether the gcc linker (/usr/bin/ld -m elf_x86_64) supports shared libraries
configure:10277: result: yes
configure:10314: checking whether -lc should be explicitly linked in
configure:10322: gcc -c -g -O2  conftest.c >&5
configure:10325: $? = 0
configure:10340: gcc -shared  -fPIC -DPIC conftest.o  -v -Wl,-soname -Wl,conftest -o conftest 2\>\&1 \| /bin/grep  -lc  \>/dev/null 2\>\&1
configure:10343: $? = 0
configure:10357: result: no
configure:10517: checking dynamic linker characteristics
configure:11098: gcc -o conftest -g -O2   -Wl,-rpath -Wl,/foo conftest.c  >&5
configure:11098: $? = 0
configure:11347: result: GNU/Linux ld.so
configure:11469: checking how to hardcode library paths into programs
configure:11494: result: immediate
configure:12042: checking whether stripping libraries is possible
configure:12047: result: yes
configure:12082: checking if libtool supports shared libraries
configure:12084: result: yes
configure:12087: checking whether to build shared libraries
configure:12112: result: yes
configure:12115: checking whether to build static libraries
configure:12119: result: yes
configure:12159: checking for sh
configure:12186: result: /bin/bash
configure:12196: checking for perl5
configure:12226: result: no
configure:12233: checking for strip
configure:12260: result: strip
configure:12272: checking for gawk
configure:12299: result: gawk
configure:12358: checking for gcc
configure:12385: result: gcc
configure:12614: checking for C compiler version
configure:12623: gcc --version >&5
gcc (Ubuntu 7.4.0-1ubuntu1~18.04.1) 7.4.0
Copyright (C) 2017 Free Software Foundation, Inc.
This is free software; see the source for copying conditions.  There is NO
warranty; not even for MERCHANTABILITY or FITNESS FOR A PARTICULAR PURPOSE.

configure:12634: $? = 0
configure:12623: gcc -v >&5
Using built-in specs.
COLLECT_GCC=gcc
COLLECT_LTO_WRAPPER=/usr/lib/gcc/x86_64-linux-gnu/7/lto-wrapper
OFFLOAD_TARGET_NAMES=nvptx-none
OFFLOAD_TARGET_DEFAULT=1
Target: x86_64-linux-gnu
Configured with: ../src/configure -v --with-pkgversion='Ubuntu 7.4.0-1ubuntu1~18.04.1' --with-bugurl=file:///usr/share/doc/gcc-7/README.Bugs --enable-languages=c,ada,c++,go,brig,d,fortran,objc,obj-c++ --prefix=/usr --with-gcc-major-version-only --program-suffix=-7 --program-prefix=x86_64-linux-gnu- --enable-shared --enable-linker-build-id --libexecdir=/usr/lib --without-included-gettext --enable-threads=posix --libdir=/usr/lib --enable-nls --with-sysroot=/ --enable-clocale=gnu --enable-libstdcxx-debug --enable-libstdcxx-time=yes --with-default-libstdcxx-abi=new --enable-gnu-unique-object --disable-vtable-verify --enable-libmpx --enable-plugin --enable-default-pie --with-system-zlib --with-target-system-zlib --enable-objc-gc=auto --enable-multiarch --disable-werror --with-arch-32=i686 --with-abi=m64 --with-multilib-list=m32,m64,mx32 --enable-multilib --with-tune=generic --enable-offload-targets=nvptx-none --without-cuda-driver --enable-checking=release --build=x86_64-linux-gnu --host=x86_64-linux-gnu --target=x86_64-linux-gnu
Thread model: posix
gcc version 7.4.0 (Ubuntu 7.4.0-1ubuntu1~18.04.1) 
configure:12634: $? = 0
configure:12623: gcc -V >&5
gcc: error: unrecognized command line option '-V'
gcc: fatal error: no input files
compilation terminated.
configure:12634: $? = 1
configure:12623: gcc -qversion >&5
gcc: error: unrecognized command line option '-qversion'; did you mean '--version'?
gcc: fatal error: no input files
compilation terminated.
configure:12634: $? = 1
configure:12638: checking whether we are using the GNU C compiler
configure:12666: result: yes
configure:12675: checking whether gcc accepts -g
configure:12736: result: yes
configure:12753: checking for gcc option to accept ISO C89
configure:12829: result: none needed
configure:12854: checking whether gcc understands -c and -o together
configure:12891: result: yes
configure:12910: checking dependency style of gcc
configure:13021: result: gcc3
configure:13041: checking how to run the C preprocessor
configure:13111: result: gcc -E
configure:13131: gcc -E  conftest.c
configure:13131: $? = 0
configure:13145: gcc -E  conftest.c
conftest.c:23:10: fatal error: ac_nonexistent.h: No such file or directory
 #include <ac_nonexistent.h>
          ^~~~~~~~~~~~~~~~~~
compilation terminated.
configure:13145: $? = 1
configure: failed program was:
| /* confdefs.h */
| #define PACKAGE_NAME "ptk"
| #define PACKAGE_TARNAME "ptk"
| #define PACKAGE_VERSION "0.0.4"
| #define PACKAGE_STRING "ptk 0.0.4"
| #define PACKAGE_BUGREPORT ""
| #define PACKAGE_URL ""
| #define PACKAGE "ptk"
| #define VERSION "0.0.4"
| #define STDC_HEADERS 1
| #define HAVE_SYS_TYPES_H 1
| #define HAVE_SYS_STAT_H 1
| #define HAVE_STDLIB_H 1
| #define HAVE_STRING_H 1
| #define HAVE_MEMORY_H 1
| #define HAVE_STRINGS_H 1
| #define HAVE_INTTYPES_H 1
| #define HAVE_STDINT_H 1
| #define HAVE_UNISTD_H 1
| #define HAVE_DLFCN_H 1
| #define LT_OBJDIR ".libs/"
| /* end confdefs.h.  */
| #include <ac_nonexistent.h>
configure:13231: checking for g++
configure:13247: found /usr/bin/g++
configure:13258: result: g++
configure:13285: checking for C++ compiler version
configure:13294: g++ --version >&5
g++ (Ubuntu 7.4.0-1ubuntu1~18.04.1) 7.4.0
Copyright (C) 2017 Free Software Foundation, Inc.
This is free software; see the source for copying conditions.  There is NO
warranty; not even for MERCHANTABILITY or FITNESS FOR A PARTICULAR PURPOSE.

configure:13305: $? = 0
configure:13294: g++ -v >&5
Using built-in specs.
COLLECT_GCC=g++
COLLECT_LTO_WRAPPER=/usr/lib/gcc/x86_64-linux-gnu/7/lto-wrapper
OFFLOAD_TARGET_NAMES=nvptx-none
OFFLOAD_TARGET_DEFAULT=1
Target: x86_64-linux-gnu
Configured with: ../src/configure -v --with-pkgversion='Ubuntu 7.4.0-1ubuntu1~18.04.1' --with-bugurl=file:///usr/share/doc/gcc-7/README.Bugs --enable-languages=c,ada,c++,go,brig,d,fortran,objc,obj-c++ --prefix=/usr --with-gcc-major-version-only --program-suffix=-7 --program-prefix=x86_64-linux-gnu- --enable-shared --enable-linker-build-id --libexecdir=/usr/lib --without-included-gettext --enable-threads=posix --libdir=/usr/lib --enable-nls --with-sysroot=/ --enable-clocale=gnu --enable-libstdcxx-debug --enable-libstdcxx-time=yes --with-default-libstdcxx-abi=new --enable-gnu-unique-object --disable-vtable-verify --enable-libmpx --enable-plugin --enable-default-pie --with-system-zlib --with-target-system-zlib --enable-objc-gc=auto --enable-multiarch --disable-werror --with-arch-32=i686 --with-abi=m64 --with-multilib-list=m32,m64,mx32 --enable-multilib --with-tune=generic --enable-offload-targets=nvptx-none --without-cuda-driver --enable-checking=release --build=x86_64-linux-gnu --host=x86_64-linux-gnu --target=x86_64-linux-gnu
Thread model: posix
gcc version 7.4.0 (Ubuntu 7.4.0-1ubuntu1~18.04.1) 
configure:13305: $? = 0
configure:13294: g++ -V >&5
g++: error: unrecognized command line option '-V'
g++: fatal error: no input files
compilation terminated.
configure:13305: $? = 1
configure:13294: g++ -qversion >&5
g++: error: unrecognized command line option '-qversion'; did you mean '--version'?
g++: fatal error: no input files
compilation terminated.
configure:13305: $? = 1
configure:13309: checking whether we are using the GNU C++ compiler
configure:13328: g++ -c -Wall -O0 -g -pipe -s -DEMBED_X11WRAP  conftest.cpp >&5
configure:13328: $? = 0
configure:13337: result: yes
configure:13346: checking whether g++ accepts -g
configure:13366: g++ -c -g  conftest.cpp >&5
configure:13366: $? = 0
configure:13407: result: yes
configure:13432: checking dependency style of g++
configure:13543: result: gcc3
configure:13576: checking how to run the C++ preprocessor
configure:13603: g++ -E  conftest.cpp
configure:13603: $? = 0
configure:13617: g++ -E  conftest.cpp
conftest.cpp:23:10: fatal error: ac_nonexistent.h: No such file or directory
 #include <ac_nonexistent.h>
          ^~~~~~~~~~~~~~~~~~
compilation terminated.
configure:13617: $? = 1
configure: failed program was:
| /* confdefs.h */
| #define PACKAGE_NAME "ptk"
| #define PACKAGE_TARNAME "ptk"
| #define PACKAGE_VERSION "0.0.4"
| #define PACKAGE_STRING "ptk 0.0.4"
| #define PACKAGE_BUGREPORT ""
| #define PACKAGE_URL ""
| #define PACKAGE "ptk"
| #define VERSION "0.0.4"
| #define STDC_HEADERS 1
| #define HAVE_SYS_TYPES_H 1
| #define HAVE_SYS_STAT_H 1
| #define HAVE_STDLIB_H 1
| #define HAVE_STRING_H 1
| #define HAVE_MEMORY_H 1
| #define HAVE_STRINGS_H 1
| #define HAVE_INTTYPES_H 1
| #define HAVE_STDINT_H 1
| #define HAVE_UNISTD_H 1
| #define HAVE_DLFCN_H 1
| #define LT_OBJDIR ".libs/"
| /* end confdefs.h.  */
| #include <ac_nonexistent.h>
configure:13642: result: g++ -E
configure:13662: g++ -E  conftest.cpp
configure:13662: $? = 0
configure:13676: g++ -E  conftest.cpp
conftest.cpp:23:10: fatal error: ac_nonexistent.h: No such file or directory
 #include <ac_nonexistent.h>
          ^~~~~~~~~~~~~~~~~~
compilation terminated.
configure:13676: $? = 1
configure: failed program was:
| /* confdefs.h */
| #define PACKAGE_NAME "ptk"
| #define PACKAGE_TARNAME "ptk"
| #define PACKAGE_VERSION "0.0.4"
| #define PACKAGE_STRING "ptk 0.0.4"
| #define PACKAGE_BUGREPORT ""
| #define PACKAGE_URL ""
| #define PACKAGE "ptk"
| #define VERSION "0.0.4"
| #define STDC_HEADERS 1
| #define HAVE_SYS_TYPES_H 1
| #define HAVE_SYS_STAT_H 1
| #define HAVE_STDLIB_H 1
| #define HAVE_STRING_H 1
| #define HAVE_MEMORY_H 1
| #define HAVE_STRINGS_H 1
| #define HAVE_INTTYPES_H 1
| #define HAVE_STDINT_H 1
| #define HAVE_UNISTD_H 1
| #define HAVE_DLFCN_H 1
| #define LT_OBJDIR ".libs/"
| /* end confdefs.h.  */
| #include <ac_nonexistent.h>
configure:13838: checking for ld used by g++
configure:13905: result: /usr/bin/ld -m elf_x86_64
configure:13912: checking if the linker (/usr/bin/ld -m elf_x86_64) is GNU ld
configure:13927: result: yes
configure:13982: checking whether the g++ linker (/usr/bin/ld -m elf_x86_64) supports shared libraries
configure:15055: result: yes
configure:15091: g++ -c -Wall -O0 -g -pipe -s -DEMBED_X11WRAP  conftest.cpp >&5
configure:15094: $? = 0
configure:15575: checking for g++ option to produce PIC
configure:15582: result: -fPIC -DPIC
configure:15590: checking if g++ PIC flag -fPIC -DPIC works
configure:15608: g++ -c -Wall -O0 -g -pipe -s -DEMBED_X11WRAP  -fPIC -DPIC -DPIC conftest.cpp >&5
configure:15612: $? = 0
configure:15625: result: yes
configure:15648: checking if g++ static flag -static works
configure:15676: result: yes
configure:15688: checking if g++ supports -c -o file.o
configure:15709: g++ -c -Wall -O0 -g -pipe -s -DEMBED_X11WRAP  -o out/conftest2.o conftest.cpp >&5
configure:15713: $? = 0
configure:15735: result: yes
configure:15740: checking if g++ supports -c -o file.o
configure:15787: result: yes
configure:15817: checking whether the g++ linker (/usr/bin/ld -m elf_x86_64) supports shared libraries
configure:15860: result: yes
configure:16001: checking dynamic linker characteristics
configure:16758: result: GNU/Linux ld.so
configure:16823: checking how to hardcode library paths into programs
configure:16848: result: immediate
configure:16889: checking whether ln -s works
configure:16893: result: yes
configure:16900: checking whether make sets $(MAKE)
configure:16922: result: yes
configure:16935: checking for main in -lc
configure:16954: gcc -o conftest -g -O2   conftest.c -lc   >&5
configure:16954: $? = 0
configure:16963: result: yes
configure:16974: checking for main in -lm
configure:16993: gcc -o conftest -g -O2   conftest.c -lm  -lc  >&5
configure:16993: $? = 0
configure:17002: result: yes
configure:17013: checking for main in -lptk
configure:17032: gcc -o conftest -g -O2   conftest.c -lptk  -lm -lc  >&5
/usr/bin/ld: cannot find -lptk
collect2: error: ld returned 1 exit status
configure:17032: $? = 1
configure: failed program was:
| /* confdefs.h */
| #define PACKAGE_NAME "ptk"
| #define PACKAGE_TARNAME "ptk"
| #define PACKAGE_VERSION "0.0.4"
| #define PACKAGE_STRING "ptk 0.0.4"
| #define PACKAGE_BUGREPORT ""
| #define PACKAGE_URL ""
| #define PACKAGE "ptk"
| #define VERSION "0.0.4"
| #define STDC_HEADERS 1
| #define HAVE_SYS_TYPES_H 1
| #define HAVE_SYS_STAT_H 1
| #define HAVE_STDLIB_H 1
| #define HAVE_STRING_H 1
| #define HAVE_MEMORY_H 1
| #define HAVE_STRINGS_H 1
| #define HAVE_INTTYPES_H 1
| #define HAVE_STDINT_H 1
| #define HAVE_UNISTD_H 1
| #define HAVE_DLFCN_H 1
| #define LT_OBJDIR ".libs/"
| #define HAVE_LIBC 1
| #define HAVE_LIBM 1
| /* end confdefs.h.  */
| 
| 
| int
| main ()
| {
| return main ();
|   ;
|   return 0;
| }
configure:17041: result: no
configure:17053: checking for X
configure:17161: gcc -E  conftest.c
configure:17161: $? = 0
configure:17192: gcc -o conftest -g -O2   conftest.c -lX11 -lm -lc  >&5
configure:17192: $? = 0
configure:17242: result: libraries , headers 
configure:17246: checking for ANSI C header files
configure:17350: result: yes
configure:17360: checking for unistd.h
configure:17360: result: yes
configure:17371: checking for inline
configure:17387: gcc -c -g -O2  conftest.c >&5
configure:17387: $? = 0
configure:17395: result: inline
configure:17413: checking for size_t
configure:17413: gcc -c -g -O2  conftest.c >&5
configure:17413: $? = 0
configure:17413: gcc -c -g -O2  conftest.c >&5
conftest.c: In function 'main':
conftest.c:63:21: error: expected expression before ')' token
 if (sizeof ((size_t)))
                     ^
configure:17413: $? = 1
configure: failed program was:
| /* confdefs.h */
| #define PACKAGE_NAME "ptk"
| #define PACKAGE_TARNAME "ptk"
| #define PACKAGE_VERSION "0.0.4"
| #define PACKAGE_STRING "ptk 0.0.4"
| #define PACKAGE_BUGREPORT ""
| #define PACKAGE_URL ""
| #define PACKAGE "ptk"
| #define VERSION "0.0.4"
| #define STDC_HEADERS 1
| #define HAVE_SYS_TYPES_H 1
| #define HAVE_SYS_STAT_H 1
| #define HAVE_STDLIB_H 1
| #define HAVE_STRING_H 1
| #define HAVE_MEMORY_H 1
| #define HAVE_STRINGS_H 1
| #define HAVE_INTTYPES_H 1
| #define HAVE_STDINT_H 1
| #define HAVE_UNISTD_H 1
| #define HAVE_DLFCN_H 1
| #define LT_OBJDIR ".libs/"
| #define HAVE_LIBC 1
| #define HAVE_LIBM 1
| #define STDC_HEADERS 1
| #define HAVE_UNISTD_H 1
| /* end confdefs.h.  */
| #include <stdio.h>
| #ifdef HAVE_SYS_TYPES_H
| # include <sys/types.h>
| #endif
| #ifdef HAVE_SYS_STAT_H
| # include <sys/stat.h>
| #endif
| #ifdef STDC_HEADERS
| # include <stdlib.h>
| # include <stddef.h>
| #else
| # ifdef HAVE_STDLIB_H
| #  include <stdlib.h>
| # endif
| #endif
| #ifdef HAVE_STRING_H
| # if !defined STDC_HEADERS && defined HAVE_MEMORY_H
| #  include <memory.h>
| # endif
| # include <string.h>
| #endif
| #ifdef HAVE_STRINGS_H
| # include <strings.h>
| #endif
| #ifdef HAVE_INTTYPES_H
| # include <inttypes.h>
| #endif
| #ifdef HAVE_STDINT_H
| # include <stdint.h>
| #endif
| #ifdef HAVE_UNISTD_H
| # include <unistd.h>
| #endif
| int
| main ()
| {
| if (sizeof ((size_t)))
| 	    return 0;
|   ;
|   return 0;
| }
configure:17413: result: yes
configure:17427: checking for stdlib.h
configure:17427: result: yes
configure:17437: checking for GNU libc compatible malloc
configure:17461: gcc -o conftest -g -O2   conftest.c -lm -lc  >&5
configure:17461: $? = 0
configure:17461: ./conftest
configure:17461: $? = 0
configure:17471: result: yes
configure:17494: checking for memset
configure:17494: gcc -o conftest -g -O2   conftest.c -lm -lc  >&5
conftest.c:52:6: warning: conflicting types for built-in function 'memset' [-Wbuiltin-declaration-mismatch]
 char memset ();
      ^~~~~~
configure:17494: $? = 0
configure:17494: result: yes
configure:17651: checking that generated files are newer than configure
configure:17657: result: done
configure:17688: creating ./config.status

## ---------------------- ##
## Running config.status. ##
## ---------------------- ##

This file was extended by ptk config.status 0.0.4, which was
generated by GNU Autoconf 2.69.  Invocation command line was

  CONFIG_FILES    = 
  CONFIG_HEADERS  = 
  CONFIG_LINKS    = 
  CONFIG_COMMANDS = 
  $ ./config.status 

on happig

config.status:1081: creating src/Makefile
config.status:1081: creating src/ptk/Makefile
config.status:1081: creating src/ptktoolkit/Makefile
config.status:1081: creating Makefile
config.status:1081: creating programs/Makefile
config.status:1081: creating programs/helloworld/Makefile
config.status:1081: creating programs/tests/Makefile
config.status:1081: creating programs/scribble/Makefile
config.status:1081: creating Documentation/Makefile
config.status:1253: executing depfiles commands
config.status:1253: executing libtool commands

## ---------------- ##
## Cache variables. ##
## ---------------- ##

ac_cv_build=x86_64-pc-linux-gnu
ac_cv_c_compiler_gnu=yes
ac_cv_c_inline=inline
ac_cv_cxx_compiler_gnu=yes
ac_cv_env_CCC_set=
ac_cv_env_CCC_value=
ac_cv_env_CC_set=
ac_cv_env_CC_value=
ac_cv_env_CFLAGS_set=
ac_cv_env_CFLAGS_value=
ac_cv_env_CPPFLAGS_set=
ac_cv_env_CPPFLAGS_value=
ac_cv_env_CPP_set=
ac_cv_env_CPP_value=
ac_cv_env_CXXCPP_set=
ac_cv_env_CXXCPP_value=
ac_cv_env_CXXFLAGS_set=
ac_cv_env_CXXFLAGS_value=
ac_cv_env_CXX_set=
ac_cv_env_CXX_value=
ac_cv_env_LDFLAGS_set=
ac_cv_env_LDFLAGS_value=
ac_cv_env_LIBS_set=
ac_cv_env_LIBS_value=
ac_cv_env_LT_SYS_LIBRARY_PATH_set=
ac_cv_env_LT_SYS_LIBRARY_PATH_value=
ac_cv_env_XMKMF_set=
ac_cv_env_XMKMF_value=
ac_cv_env_build_alias_set=
ac_cv_env_build_alias_value=
ac_cv_env_host_alias_set=
ac_cv_env_host_alias_value=
ac_cv_env_target_alias_set=
ac_cv_env_target_alias_value=
ac_cv_func_malloc_0_nonnull=yes
ac_cv_func_memset=yes
ac_cv_have_x='have_x=yes	ac_x_includes='\'''\''	ac_x_libraries='\'''\'''
ac_cv_header_dlfcn_h=yes
ac_cv_header_inttypes_h=yes
ac_cv_header_memory_h=yes
ac_cv_header_stdc=yes
ac_cv_header_stdint_h=yes
ac_cv_header_stdlib_h=yes
ac_cv_header_string_h=yes
ac_cv_header_strings_h=yes
ac_cv_header_sys_stat_h=yes
ac_cv_header_sys_types_h=yes
ac_cv_header_unistd_h=yes
ac_cv_host=x86_64-pc-linux-gnu
ac_cv_lib_c_main=yes
ac_cv_lib_m_main=yes
ac_cv_lib_ptk_main=no
ac_cv_objext=o
ac_cv_path_EGREP='/bin/grep -E'
ac_cv_path_FGREP='/bin/grep -F'
ac_cv_path_GREP=/bin/grep
ac_cv_path_SED=/bin/sed
ac_cv_path_install='/usr/bin/install -c'
ac_cv_path_lt_DD=/bin/dd
ac_cv_path_mkdir=/bin/mkdir
ac_cv_prog_AWK=gawk
ac_cv_prog_CPP='gcc -E'
ac_cv_prog_CXXCPP='g++ -E'
ac_cv_prog_SHELL=/bin/bash
ac_cv_prog_STRIP=strip
ac_cv_prog_ac_ct_AR=ar
ac_cv_prog_ac_ct_CC=gcc
ac_cv_prog_ac_ct_CXX=g++
ac_cv_prog_ac_ct_MANIFEST_TOOL=mt
ac_cv_prog_ac_ct_OBJDUMP=objdump
ac_cv_prog_ac_ct_RANLIB=ranlib
ac_cv_prog_ac_ct_STRIP=strip
ac_cv_prog_cc_c89=
ac_cv_prog_cc_g=yes
ac_cv_prog_cxx_g=yes
ac_cv_prog_make_make_set=yes
ac_cv_type_size_t=yes
am_cv_CC_dependencies_compiler_type=gcc3
am_cv_CXX_dependencies_compiler_type=gcc3
am_cv_make_support_nested_variables=yes
am_cv_prog_cc_c_o=yes
lt_cv_ar_at_file=@
lt_cv_archive_cmds_need_lc=no
lt_cv_deplibs_check_method=pass_all
lt_cv_file_magic_cmd='$MAGIC_CMD'
lt_cv_file_magic_test_file=
lt_cv_ld_reload_flag=-r
lt_cv_nm_interface='BSD nm'
lt_cv_objdir=.libs
lt_cv_path_LD=/usr/bin/ld
lt_cv_path_LDCXX='/usr/bin/ld -m elf_x86_64'
lt_cv_path_NM='/usr/bin/nm -B'
lt_cv_path_mainfest_tool=no
lt_cv_prog_compiler_c_o=yes
lt_cv_prog_compiler_c_o_CXX=yes
lt_cv_prog_compiler_pic='-fPIC -DPIC'
lt_cv_prog_compiler_pic_CXX='-fPIC -DPIC'
lt_cv_prog_compiler_pic_works=yes
lt_cv_prog_compiler_pic_works_CXX=yes
lt_cv_prog_compiler_rtti_exceptions=no
lt_cv_prog_compiler_static_works=yes
lt_cv_prog_compiler_static_works_CXX=yes
lt_cv_prog_gnu_ld=yes
lt_cv_prog_gnu_ldcxx=yes
lt_cv_sharedlib_from_linklib_cmd='printf %s\n'
lt_cv_shlibpath_overrides_runpath=yes
lt_cv_sys_global_symbol_pipe='sed -n -e '\''s/^.*[	 ]\([ABCDGIRSTW][ABCDGIRSTW]*\)[	 ][	 ]*\([_A-Za-z][_A-Za-z0-9]*\)$/\1 \2 \2/p'\'' | sed '\''/ __gnu_lto/d'\'''
lt_cv_sys_global_symbol_to_c_name_address='sed -n -e '\''s/^: \(.*\) .*$/  {"\1", (void *) 0},/p'\'' -e '\''s/^[ABCDGIRSTW][ABCDGIRSTW]* .* \(.*\)$/  {"\1", (void *) \&\1},/p'\'''
lt_cv_sys_global_symbol_to_c_name_address_lib_prefix='sed -n -e '\''s/^: \(.*\) .*$/  {"\1", (void *) 0},/p'\'' -e '\''s/^[ABCDGIRSTW][ABCDGIRSTW]* .* \(lib.*\)$/  {"\1", (void *) \&\1},/p'\'' -e '\''s/^[ABCDGIRSTW][ABCDGIRSTW]* .* \(.*\)$/  {"lib\1", (void *) \&\1},/p'\'''
lt_cv_sys_global_symbol_to_cdecl='sed -n -e '\''s/^T .* \(.*\)$/extern int \1();/p'\'' -e '\''s/^[ABCDGIRSTW][ABCDGIRSTW]* .* \(.*\)$/extern char \1;/p'\'''
lt_cv_sys_global_symbol_to_import=
lt_cv_sys_max_cmd_len=1572864
lt_cv_to_host_file_cmd=func_convert_file_noop
lt_cv_to_tool_file_cmd=func_convert_file_noop
lt_cv_truncate_bin='/bin/dd bs=4096 count=1'

## ----------------- ##
## Output variables. ##
## ----------------- ##

ACLOCAL='${SHELL} /home/pixel/Desktop/git/ptk/missing aclocal-1.15'
AMDEPBACKSLASH='\'
AMDEP_FALSE='#'
AMDEP_TRUE=''
AMTAR='$${TAR-tar}'
AM_BACKSLASH='\'
AM_DEFAULT_V='$(AM_DEFAULT_VERBOSITY)'
AM_DEFAULT_VERBOSITY='1'
AM_V='$(V)'
AR='ar'
AUTOCONF='${SHELL} /home/pixel/Desktop/git/ptk/missing autoconf'
AUTOHEADER='${SHELL} /home/pixel/Desktop/git/ptk/missing autoheader'
AUTOMAKE='${SHELL} /home/pixel/Desktop/git/ptk/missing automake-1.15'
AWK='gawk'
CC='gcc'
CCDEPMODE='depmode=gcc3'
CFLAGS='-g -O2'
CPP='gcc -E'
CPPFLAGS=''
CXX='g++'
CXXCPP='g++ -E'
CXXDEPMODE='depmode=gcc3'
CXXFLAGS='-Wall -O0 -g -pipe -s -DEMBED_X11WRAP'
CYGPATH_W='echo'
DEFS='-DPACKAGE_NAME=\"ptk\" -DPACKAGE_TARNAME=\"ptk\" -DPACKAGE_VERSION=\"0.0.4\" -DPACKAGE_STRING=\"ptk\ 0.0.4\" -DPACKAGE_BUGREPORT=\"\" -DPACKAGE_URL=\"\" -DPACKAGE=\"ptk\" -DVERSION=\"0.0.4\" -DSTDC_HEADERS=1 -DHAVE_SYS_TYPES_H=1 -DHAVE_SYS_STAT_H=1 -DHAVE_STDLIB_H=1 -DHAVE_STRING_H=1 -DHAVE_MEMORY_H=1 -DHAVE_STRINGS_H=1 -DHAVE_INTTYPES_H=1 -DHAVE_STDINT_H=1 -DHAVE_UNISTD_H=1 -DHAVE_DLFCN_H=1 -DLT_OBJDIR=\".libs/\" -DHAVE_LIBC=1 -DHAVE_LIBM=1 -DSTDC_HEADERS=1 -DHAVE_UNISTD_H=1 -DHAVE_STDLIB_H=1 -DHAVE_MALLOC=1 -DHAVE_MEMSET=1'
DEPDIR='.deps'
DLLTOOL='false'
DSYMUTIL=''
DUMPBIN=''
ECHO_C=''
ECHO_N='-n'
ECHO_T=''
EGREP='/bin/grep -E'
EXEEXT=''
FGREP='/bin/grep -F'
GREP='/bin/grep'
INSTALL_DATA='${INSTALL} -m 644'
INSTALL_PROGRAM='${INSTALL}'
INSTALL_SCRIPT='${INSTALL}'
INSTALL_STRIP_PROGRAM='$(install_sh) -c -s'
LD='/usr/bin/ld -m elf_x86_64'
LDFLAGS=''
LIBOBJS=''
LIBS='-lm -lc '
LIBTOOL='$(SHELL) $(top_builddir)/libtool'
LIPO=''
LN_S='ln -s'
LTLIBOBJS=''
LT_SYS_LIBRARY_PATH=''
MAKEINFO='${SHELL} /home/pixel/Desktop/git/ptk/missing makeinfo'
MANIFEST_TOOL=':'
MKDIR_P='/bin/mkdir -p'
NM='/usr/bin/nm -B'
NMEDIT=''
OBJDUMP='objdump'
OBJEXT='o'
OTOOL64=''
OTOOL=''
PACKAGE='ptk'
PACKAGE_BUGREPORT=''
PACKAGE_NAME='ptk'
PACKAGE_STRING='ptk 0.0.4'
PACKAGE_TARNAME='ptk'
PACKAGE_URL=''
PACKAGE_VERSION='0.0.4'
PATH_SEPARATOR=':'
PERL=''
RANLIB='ranlib'
SED='/bin/sed'
SET_MAKE=''
SHELL='/bin/bash'
STRIP='strip'
SUBDIRS=''
VERSION='0.0.4'
XMKMF=''
ac_ct_AR='ar'
ac_ct_CC='gcc'
ac_ct_CXX='g++'
ac_ct_DUMPBIN=''
am__EXEEXT_FALSE=''
am__EXEEXT_TRUE='#'
am__fastdepCC_FALSE='#'
am__fastdepCC_TRUE=''
am__fastdepCXX_FALSE='#'
am__fastdepCXX_TRUE=''
am__include='include'
am__isrc=''
am__leading_dot='.'
am__nodep='_no'
am__quote=''
am__tar='$${TAR-tar} chof - "$$tardir"'
am__untar='$${TAR-tar} xf -'
bindir='${exec_prefix}/bin'
build='x86_64-pc-linux-gnu'
build_alias=''
build_cpu='x86_64'
build_os='linux-gnu'
build_vendor='pc'
datadir='${datarootdir}'
datarootdir='${prefix}/share'
docdir='${datarootdir}/doc/${PACKAGE_TARNAME}'
dvidir='${docdir}'
exec_prefix='${prefix}'
host='x86_64-pc-linux-gnu'
host_alias=''
host_cpu='x86_64'
host_os='linux-gnu'
host_vendor='pc'
htmldir='${docdir}'
includedir='${prefix}/include'
infodir='${datarootdir}/info'
install_sh='${SHELL} /home/pixel/Desktop/git/ptk/install-sh'
libdir='${exec_prefix}/lib'
libexecdir='${exec_prefix}/libexec'
localedir='${datarootdir}/locale'
localstatedir='${prefix}/var'
mandir='${datarootdir}/man'
mkdir_p='$(MKDIR_P)'
oldincludedir='/usr/include'
pdfdir='${docdir}'
prefix='/usr/local'
program_transform_name='s,x,x,'
psdir='${docdir}'
runstatedir='${localstatedir}/run'
sbindir='${exec_prefix}/sbin'
sharedstatedir='${prefix}/com'
sysconfdir='${prefix}/etc'
target_alias=''

## ----------- ##
## confdefs.h. ##
## ----------- ##

/* confdefs.h */
#define PACKAGE_NAME "ptk"
#define PACKAGE_TARNAME "ptk"
#define PACKAGE_VERSION "0.0.4"
#define PACKAGE_STRING "ptk 0.0.4"
#define PACKAGE_BUGREPORT ""
#define PACKAGE_URL ""
#define PACKAGE "ptk"
#define VERSION "0.0.4"
#define STDC_HEADERS 1
#define HAVE_SYS_TYPES_H 1
#define HAVE_SYS_STAT_H 1
#define HAVE_STDLIB_H 1
#define HAVE_STRING_H 1
#define HAVE_MEMORY_H 1
#define HAVE_STRINGS_H 1
#define HAVE_INTTYPES_H 1
#define HAVE_STDINT_H 1
#define HAVE_UNISTD_H 1
#define HAVE_DLFCN_H 1
#define LT_OBJDIR ".libs/"
#define HAVE_LIBC 1
#define HAVE_LIBM 1
#define STDC_HEADERS 1
#define HAVE_UNISTD_H 1
#define HAVE_STDLIB_H 1
#define HAVE_MALLOC 1
#define HAVE_MEMSET 1

configure: exit 0
